Determining if the pthread_create exist failed with the following output:
Change Dir: /home/ward/yolow/FEB_Cone_detection_2020/build/CMakeFiles/CMakeTmp

Run Build Command:"/usr/bin/make" "cmTC_17930/fast"
make[1]: Entering directory '/home/ward/yolow/FEB_Cone_detection_2020/build/CMakeFiles/CMakeTmp'
/usr/bin/make -f CMakeFiles/cmTC_17930.dir/build.make CMakeFiles/cmTC_17930.dir/build
make[2]: Entering directory '/home/ward/yolow/FEB_Cone_detection_2020/build/CMakeFiles/CMakeTmp'
Building C object CMakeFiles/cmTC_17930.dir/CheckSymbolExists.c.o
/usr/bin/cc   -fPIC    -o CMakeFiles/cmTC_17930.dir/CheckSymbolExists.c.o   -c /home/ward/yolow/FEB_Cone_detection_2020/build/CMakeFiles/CMakeTmp/CheckSymbolExists.c
Linking C executable cmTC_17930
/usr/bin/cmake -E cmake_link_script CMakeFiles/cmTC_17930.dir/link.txt --verbose=1
/usr/bin/cc -fPIC     CMakeFiles/cmTC_17930.dir/CheckSymbolExists.c.o  -o cmTC_17930 
CMakeFiles/cmTC_17930.dir/CheckSymbolExists.c.o: In function `main':
CheckSymbolExists.c:(.text+0x1b): undefined reference to `pthread_create'
collect2: error: ld returned 1 exit status
CMakeFiles/cmTC_17930.dir/build.make:97: recipe for target 'cmTC_17930' failed
make[2]: *** [cmTC_17930] Error 1
make[2]: Leaving directory '/home/ward/yolow/FEB_Cone_detection_2020/build/CMakeFiles/CMakeTmp'
Makefile:126: recipe for target 'cmTC_17930/fast' failed
make[1]: *** [cmTC_17930/fast] Error 2
make[1]: Leaving directory '/home/ward/yolow/FEB_Cone_detection_2020/build/CMakeFiles/CMakeTmp'

File /home/ward/yolow/FEB_Cone_detection_2020/build/CMakeFiles/CMakeTmp/CheckSymbolExists.c:
/* */
#include <pthread.h>

int main(int argc, char** argv)
{
  (void)argv;
#ifndef pthread_create
  return ((int*)(&pthread_create))[argc];
#else
  (void)argc;
  return 0;
#endif
}

Determining if the function pthread_create exists in the pthreads failed with the following output:
Change Dir: /home/ward/yolow/FEB_Cone_detection_2020/build/CMakeFiles/CMakeTmp

Run Build Command:"/usr/bin/make" "cmTC_80768/fast"
make[1]: Entering directory '/home/ward/yolow/FEB_Cone_detection_2020/build/CMakeFiles/CMakeTmp'
/usr/bin/make -f CMakeFiles/cmTC_80768.dir/build.make CMakeFiles/cmTC_80768.dir/build
make[2]: Entering directory '/home/ward/yolow/FEB_Cone_detection_2020/build/CMakeFiles/CMakeTmp'
Building C object CMakeFiles/cmTC_80768.dir/CheckFunctionExists.c.o
/usr/bin/cc   -fPIC -DCHECK_FUNCTION_EXISTS=pthread_create   -o CMakeFiles/cmTC_80768.dir/CheckFunctionExists.c.o   -c /usr/share/cmake-3.10/Modules/CheckFunctionExists.c
Linking C executable cmTC_80768
/usr/bin/cmake -E cmake_link_script CMakeFiles/cmTC_80768.dir/link.txt --verbose=1
/usr/bin/cc -fPIC -DCHECK_FUNCTION_EXISTS=pthread_create    CMakeFiles/cmTC_80768.dir/CheckFunctionExists.c.o  -o cmTC_80768 -lpthreads 
/usr/bin/ld: cannot find -lpthreads
collect2: error: ld returned 1 exit status
CMakeFiles/cmTC_80768.dir/build.make:97: recipe for target 'cmTC_80768' failed
make[2]: *** [cmTC_80768] Error 1
make[2]: Leaving directory '/home/ward/yolow/FEB_Cone_detection_2020/build/CMakeFiles/CMakeTmp'
Makefile:126: recipe for target 'cmTC_80768/fast' failed
make[1]: *** [cmTC_80768/fast] Error 2
make[1]: Leaving directory '/home/ward/yolow/FEB_Cone_detection_2020/build/CMakeFiles/CMakeTmp'


